<?xml version="1.0" encoding="UTF-8"?>
<!-- Generated by org.testng.reporters.JUnitReportReporter -->
<testsuite hostname="dt7c7" failures="0" tests="1" name="com.t7c7.tests.MVNTest" time="8.166" errors="0" timestamp="2022-12-27T00:32:48 AST" skipped="0">
  <testcase classname="com.t7c7.tests.MVNTest" name="launchBrowser" time="8.166"/>
  <system-out/>
</testsuite> <!-- com.t7c7.tests.MVNTest -->
